<?xml version="1.0" encoding="UTF-8"?>
<!-- Generated by org.testng.reporters.JUnitReportReporter -->
<testsuite skipped="0" hostname="DESKTOP-VMLORVT" name="program.Prior_Testng" tests="4" failures="0" timestamp="18 Jul 2018 16:06:24 GMT" time="0.018" errors="0">
  <testcase name="c" time="0.011" classname="program.Prior_Testng"/>
  <testcase name="a" time="0.003" classname="program.Prior_Testng"/>
  <testcase name="b" time="0.002" classname="program.Prior_Testng"/>
  <testcase name="d" time="0.002" classname="program.Prior_Testng"/>
</testsuite> <!-- program.Prior_Testng -->
