<?xml version="1.0" encoding="UTF-8"?>
<!-- Generated by org.testng.reporters.JUnitReportReporter -->
<testsuite skipped="0" hostname="DESKTOP-VMLORVT" name="program.Depen_Testng" tests="2" failures="0" timestamp="18 Jul 2018 16:11:18 GMT" time="0.016" errors="0">
  <testcase name="c" time="0.014" classname="program.Depen_Testng"/>
  <testcase name="b" time="0.002" classname="program.Depen_Testng"/>
</testsuite> <!-- program.Depen_Testng -->
