<?xml version="1.0" encoding="UTF-8"?>
<!-- Generated by org.testng.reporters.JUnitReportReporter -->
<testsuite skipped="0" hostname="DESKTOP-VMLORVT" name="program.Testng1" tests="4" failures="0" timestamp="18 Jul 2018 16:01:44 GMT" time="0.019" errors="0">
  <testcase name="a" time="0.012" classname="program.Testng1"/>
  <testcase name="b" time="0.003" classname="program.Testng1"/>
  <testcase name="c" time="0.002" classname="program.Testng1"/>
  <testcase name="d" time="0.002" classname="program.Testng1"/>
</testsuite> <!-- program.Testng1 -->
